<?xml version="1.0" encoding="UTF-8"?>
<!-- Generated by org.testng.reporters.JUnitXMLReporter -->
<testsuite ignored="0" hostname="VIJAY" failures="0" tests="5" name="Default test" time="28.494" errors="0" timestamp="2023-10-11T19:57:46 IST">
  <testcase classname="com.Ninja.qa.TestPages.TestRegisterPage" name="testregisterUser" time="3.277"/>
  <testcase classname="com.Ninja.qa.TestPages.TestRegisterPage" name="testregisterUser" time="3.088"/>
  <testcase classname="com.Ninja.qa.TestPages.TestRegisterPage" name="testregisterUser" time="3.102"/>
  <testcase classname="com.Ninja.qa.TestPages.TestRegisterPage" name="testregisterUser" time="3.149"/>
  <testcase classname="com.Ninja.qa.TestPages.TestRegisterPage" name="testregisterUser" time="3.829"/>
</testsuite> <!-- Default test -->
