<?xml version="1.0" encoding="UTF-8"?>
<testng-results ignored="9" total="18" passed="9" failed="0" skipped="0">
  <reporter-output>
  </reporter-output>
  <suite started-at="2023-10-12T17:03:48 IST" name="test1" finished-at="2023-10-12T17:04:24 IST" duration-ms="35466">
    <groups>
    </groups>
    <test started-at="2023-10-12T17:03:48 IST" name="POMframework" finished-at="2023-10-12T17:04:24 IST" duration-ms="35466">
      <class name="com.Ninja.qa.TestPages.HomePageTest">
        <test-method is-config="true" signature="InitalizeExtentReport()[pri:0, instance:com.Ninja.qa.TestPages.HomePageTest@1750fbeb]" started-at="2023-10-12T17:03:48 IST" name="InitalizeExtentReport" finished-at="2023-10-12T17:03:48 IST" duration-ms="227" status="PASS">
          <reporter-output>
          </reporter-output>
        </test-method> <!-- InitalizeExtentReport -->
        <test-method is-config="true" signature="getnameMethod(org.testng.ITestContext)[pri:0, instance:com.Ninja.qa.TestPages.HomePageTest@1750fbeb]" started-at="2023-10-12T17:03:48 IST" name="getnameMethod" finished-at="2023-10-12T17:03:48 IST" duration-ms="6" status="PASS">
          <params>
            <param index="0">
              <value>
                <![CDATA[org.testng.TestRunner@2d9de284]]>
              </value>
            </param>
          </params>
          <reporter-output>
          </reporter-output>
        </test-method> <!-- getnameMethod -->
        <test-method is-config="true" signature="OpenApp()[pri:0, instance:com.Ninja.qa.TestPages.HomePageTest@1750fbeb]" started-at="2023-10-12T17:03:48 IST" name="OpenApp" finished-at="2023-10-12T17:03:51 IST" duration-ms="2392" status="PASS">
          <reporter-output>
          </reporter-output>
        </test-method> <!-- OpenApp -->
        <test-method signature="testTitle()[pri:49, instance:com.Ninja.qa.TestPages.HomePageTest@1750fbeb]" started-at="2023-10-12T17:03:51 IST" name="testTitle" finished-at="2023-10-12T17:03:51 IST" duration-ms="12" status="PASS">
          <reporter-output>
          </reporter-output>
        </test-method> <!-- testTitle -->
        <test-method is-config="true" signature="CloseApp()[pri:0, instance:com.Ninja.qa.TestPages.HomePageTest@1750fbeb]" started-at="2023-10-12T17:03:51 IST" name="CloseApp" finished-at="2023-10-12T17:03:51 IST" duration-ms="210" status="PASS">
          <reporter-output>
          </reporter-output>
        </test-method> <!-- CloseApp -->
        <test-method is-config="true" signature="generateTestStatus(java.lang.reflect.Method,org.testng.ITestResult)[pri:0, instance:com.Ninja.qa.TestPages.HomePageTest@1750fbeb]" started-at="2023-10-12T17:03:51 IST" name="generateTestStatus" finished-at="2023-10-12T17:03:51 IST" duration-ms="9" status="PASS">
          <params>
            <param index="0">
              <value>
                <![CDATA[public void com.Ninja.qa.TestPages.HomePageTest.testTitle()]]>
              </value>
            </param>
            <param index="1">
              <value>
                <![CDATA[[TestResult name=testTitle status=SUCCESS method=HomePageTest.testTitle()[pri:49, instance:com.Ninja.qa.TestPages.HomePageTest@1750fbeb] output={null}]]]>
              </value>
            </param>
          </params>
          <reporter-output>
          </reporter-output>
        </test-method> <!-- generateTestStatus -->
        <test-method is-config="true" signature="OpenApp()[pri:0, instance:com.Ninja.qa.TestPages.HomePageTest@1750fbeb]" started-at="2023-10-12T17:03:51 IST" name="OpenApp" finished-at="2023-10-12T17:03:52 IST" duration-ms="1589" status="PASS">
          <reporter-output>
          </reporter-output>
        </test-method> <!-- OpenApp -->
        <test-method signature="testRegisterLink()[pri:50, instance:com.Ninja.qa.TestPages.HomePageTest@1750fbeb]" started-at="2023-10-12T17:03:52 IST" name="testRegisterLink" finished-at="2023-10-12T17:03:53 IST" duration-ms="289" status="PASS">
          <reporter-output>
          </reporter-output>
        </test-method> <!-- testRegisterLink -->
        <test-method is-config="true" signature="CloseApp()[pri:0, instance:com.Ninja.qa.TestPages.HomePageTest@1750fbeb]" started-at="2023-10-12T17:03:53 IST" name="CloseApp" finished-at="2023-10-12T17:03:53 IST" duration-ms="306" status="PASS">
          <reporter-output>
          </reporter-output>
        </test-method> <!-- CloseApp -->
        <test-method is-config="true" signature="generateTestStatus(java.lang.reflect.Method,org.testng.ITestResult)[pri:0, instance:com.Ninja.qa.TestPages.HomePageTest@1750fbeb]" started-at="2023-10-12T17:03:53 IST" name="generateTestStatus" finished-at="2023-10-12T17:03:53 IST" duration-ms="1" status="PASS">
          <params>
            <param index="0">
              <value>
                <![CDATA[public void com.Ninja.qa.TestPages.HomePageTest.testRegisterLink()]]>
              </value>
            </param>
            <param index="1">
              <value>
                <![CDATA[[TestResult name=testRegisterLink status=SUCCESS method=HomePageTest.testRegisterLink()[pri:50, instance:com.Ninja.qa.TestPages.HomePageTest@1750fbeb] output={null}]]]>
              </value>
            </param>
          </params>
          <reporter-output>
          </reporter-output>
        </test-method> <!-- generateTestStatus -->
        <test-method is-config="true" signature="OpenApp()[pri:0, instance:com.Ninja.qa.TestPages.HomePageTest@1750fbeb]" started-at="2023-10-12T17:03:53 IST" name="OpenApp" finished-at="2023-10-12T17:03:55 IST" duration-ms="1662" status="PASS">
          <reporter-output>
          </reporter-output>
        </test-method> <!-- OpenApp -->
        <test-method signature="testLoginLink()[pri:51, instance:com.Ninja.qa.TestPages.HomePageTest@1750fbeb]" started-at="2023-10-12T17:03:55 IST" name="testLoginLink" finished-at="2023-10-12T17:03:55 IST" duration-ms="221" status="PASS">
          <reporter-output>
          </reporter-output>
        </test-method> <!-- testLoginLink -->
        <test-method is-config="true" signature="CloseApp()[pri:0, instance:com.Ninja.qa.TestPages.HomePageTest@1750fbeb]" started-at="2023-10-12T17:03:55 IST" name="CloseApp" finished-at="2023-10-12T17:03:55 IST" duration-ms="192" status="PASS">
          <reporter-output>
          </reporter-output>
        </test-method> <!-- CloseApp -->
        <test-method is-config="true" signature="generateTestStatus(java.lang.reflect.Method,org.testng.ITestResult)[pri:0, instance:com.Ninja.qa.TestPages.HomePageTest@1750fbeb]" started-at="2023-10-12T17:03:55 IST" name="generateTestStatus" finished-at="2023-10-12T17:03:55 IST" duration-ms="1" status="PASS">
          <params>
            <param index="0">
              <value>
                <![CDATA[public void com.Ninja.qa.TestPages.HomePageTest.testLoginLink()]]>
              </value>
            </param>
            <param index="1">
              <value>
                <![CDATA[[TestResult name=testLoginLink status=SUCCESS method=HomePageTest.testLoginLink()[pri:51, instance:com.Ninja.qa.TestPages.HomePageTest@1750fbeb] output={null}]]]>
              </value>
            </param>
          </params>
          <reporter-output>
          </reporter-output>
        </test-method> <!-- generateTestStatus -->
        <test-method is-config="true" signature="OpenApp()[pri:0, instance:com.Ninja.qa.TestPages.HomePageTest@1750fbeb]" started-at="2023-10-12T17:03:55 IST" name="OpenApp" finished-at="2023-10-12T17:03:57 IST" duration-ms="1996" status="PASS">
          <reporter-output>
          </reporter-output>
        </test-method> <!-- OpenApp -->
        <test-method signature="testMacLink()[pri:52, instance:com.Ninja.qa.TestPages.HomePageTest@1750fbeb]" started-at="2023-10-12T17:03:57 IST" name="testMacLink" finished-at="2023-10-12T17:03:59 IST" duration-ms="2013" status="PASS">
          <reporter-output>
          </reporter-output>
        </test-method> <!-- testMacLink -->
        <test-method is-config="true" signature="CloseApp()[pri:0, instance:com.Ninja.qa.TestPages.HomePageTest@1750fbeb]" started-at="2023-10-12T17:03:59 IST" name="CloseApp" finished-at="2023-10-12T17:03:59 IST" duration-ms="207" status="PASS">
          <reporter-output>
          </reporter-output>
        </test-method> <!-- CloseApp -->
        <test-method is-config="true" signature="generateTestStatus(java.lang.reflect.Method,org.testng.ITestResult)[pri:0, instance:com.Ninja.qa.TestPages.HomePageTest@1750fbeb]" started-at="2023-10-12T17:03:59 IST" name="generateTestStatus" finished-at="2023-10-12T17:03:59 IST" duration-ms="0" status="PASS">
          <params>
            <param index="0">
              <value>
                <![CDATA[public void com.Ninja.qa.TestPages.HomePageTest.testMacLink() throws java.lang.InterruptedException]]>
              </value>
            </param>
            <param index="1">
              <value>
                <![CDATA[[TestResult name=testMacLink status=SUCCESS method=HomePageTest.testMacLink()[pri:52, instance:com.Ninja.qa.TestPages.HomePageTest@1750fbeb] output={null}]]]>
              </value>
            </param>
          </params>
          <reporter-output>
          </reporter-output>
        </test-method> <!-- generateTestStatus -->
        <test-method is-config="true" signature="generateReports()[pri:0, instance:com.Ninja.qa.TestPages.HomePageTest@1750fbeb]" started-at="2023-10-12T17:04:24 IST" name="generateReports" finished-at="2023-10-12T17:04:24 IST" duration-ms="736" status="PASS">
          <reporter-output>
          </reporter-output>
        </test-method> <!-- generateReports -->
      </class> <!-- com.Ninja.qa.TestPages.HomePageTest -->
      <class name="com.Ninja.qa.TestPages.TestRegisterPage">
        <test-method is-config="true" signature="OpenApp()[pri:0, instance:com.Ninja.qa.TestPages.TestRegisterPage@359df09a]" started-at="2023-10-12T17:04:00 IST" name="OpenApp" finished-at="2023-10-12T17:04:02 IST" duration-ms="1643" status="PASS">
          <reporter-output>
          </reporter-output>
        </test-method> <!-- OpenApp -->
        <test-method signature="testregisterUser(java.lang.String,java.lang.String,java.lang.String,java.lang.String,java.lang.String,java.lang.String)[pri:49, instance:com.Ninja.qa.TestPages.TestRegisterPage@359df09a]" started-at="2023-10-12T17:04:02 IST" name="testregisterUser" data-provider="testdata" finished-at="2023-10-12T17:04:05 IST" duration-ms="3065" status="PASS">
          <params>
            <param index="0">
              <value>
                <![CDATA[admin]]>
              </value>
            </param>
            <param index="1">
              <value>
                <![CDATA[ninja]]>
              </value>
            </param>
            <param index="2">
              <value>
                <![CDATA[admin@gmail]]>
              </value>
            </param>
            <param index="3">
              <value>
                <![CDATA[1.23456789E9]]>
              </value>
            </param>
            <param index="4">
              <value>
                <![CDATA[admin122]]>
              </value>
            </param>
            <param index="5">
              <value>
                <![CDATA[admin122]]>
              </value>
            </param>
          </params>
          <reporter-output>
          </reporter-output>
        </test-method> <!-- testregisterUser -->
        <test-method is-config="true" signature="CloseApp()[pri:0, instance:com.Ninja.qa.TestPages.TestRegisterPage@359df09a]" started-at="2023-10-12T17:04:05 IST" name="CloseApp" finished-at="2023-10-12T17:04:05 IST" duration-ms="172" status="PASS">
          <reporter-output>
          </reporter-output>
        </test-method> <!-- CloseApp -->
        <test-method is-config="true" signature="generateTestStatus(java.lang.reflect.Method,org.testng.ITestResult)[pri:0, instance:com.Ninja.qa.TestPages.TestRegisterPage@359df09a]" started-at="2023-10-12T17:04:05 IST" name="generateTestStatus" finished-at="2023-10-12T17:04:05 IST" duration-ms="0" status="PASS">
          <params>
            <param index="0">
              <value>
                <![CDATA[public void com.Ninja.qa.TestPages.TestRegisterPage.testregisterUser(java.lang.String,java.lang.String,java.lang.String,java.lang.String,java.lang.String,java.lang.String) throws java.lang.InterruptedException]]>
              </value>
            </param>
            <param index="1">
              <value>
                <![CDATA[[TestResult name=testregisterUser status=SUCCESS method=TestRegisterPage.testregisterUser(java.lang.String,java.lang.String,java.lang.String,java.lang.String,java.lang.String,java.lang.String)[pri:49, instance:com.Ninja.qa.TestPages.TestRegisterPage@359df09a] output={null}]]]>
              </value>
            </param>
          </params>
          <reporter-output>
          </reporter-output>
        </test-method> <!-- generateTestStatus -->
        <test-method is-config="true" signature="OpenApp()[pri:0, instance:com.Ninja.qa.TestPages.TestRegisterPage@359df09a]" started-at="2023-10-12T17:04:05 IST" name="OpenApp" finished-at="2023-10-12T17:04:06 IST" duration-ms="1525" status="PASS">
          <reporter-output>
          </reporter-output>
        </test-method> <!-- OpenApp -->
        <test-method signature="testregisterUser(java.lang.String,java.lang.String,java.lang.String,java.lang.String,java.lang.String,java.lang.String)[pri:49, instance:com.Ninja.qa.TestPages.TestRegisterPage@359df09a]" started-at="2023-10-12T17:04:06 IST" name="testregisterUser" data-provider="testdata" finished-at="2023-10-12T17:04:09 IST" duration-ms="3061" status="PASS">
          <params>
            <param index="0">
              <value>
                <![CDATA[sam]]>
              </value>
            </param>
            <param index="1">
              <value>
                <![CDATA[jackson]]>
              </value>
            </param>
            <param index="2">
              <value>
                <![CDATA[sam@gmail.com]]>
              </value>
            </param>
            <param index="3">
              <value>
                <![CDATA[5.43216789E9]]>
              </value>
            </param>
            <param index="4">
              <value>
                <![CDATA[admin123]]>
              </value>
            </param>
            <param index="5">
              <value>
                <![CDATA[admin123]]>
              </value>
            </param>
          </params>
          <reporter-output>
          </reporter-output>
        </test-method> <!-- testregisterUser -->
        <test-method is-config="true" signature="CloseApp()[pri:0, instance:com.Ninja.qa.TestPages.TestRegisterPage@359df09a]" started-at="2023-10-12T17:04:09 IST" name="CloseApp" finished-at="2023-10-12T17:04:10 IST" duration-ms="190" status="PASS">
          <reporter-output>
          </reporter-output>
        </test-method> <!-- CloseApp -->
        <test-method is-config="true" signature="generateTestStatus(java.lang.reflect.Method,org.testng.ITestResult)[pri:0, instance:com.Ninja.qa.TestPages.TestRegisterPage@359df09a]" started-at="2023-10-12T17:04:10 IST" name="generateTestStatus" finished-at="2023-10-12T17:04:10 IST" duration-ms="0" status="PASS">
          <params>
            <param index="0">
              <value>
                <![CDATA[public void com.Ninja.qa.TestPages.TestRegisterPage.testregisterUser(java.lang.String,java.lang.String,java.lang.String,java.lang.String,java.lang.String,java.lang.String) throws java.lang.InterruptedException]]>
              </value>
            </param>
            <param index="1">
              <value>
                <![CDATA[[TestResult name=testregisterUser status=SUCCESS method=TestRegisterPage.testregisterUser(java.lang.String,java.lang.String,java.lang.String,java.lang.String,java.lang.String,java.lang.String)[pri:49, instance:com.Ninja.qa.TestPages.TestRegisterPage@359df09a] output={null}]]]>
              </value>
            </param>
          </params>
          <reporter-output>
          </reporter-output>
        </test-method> <!-- generateTestStatus -->
        <test-method is-config="true" signature="OpenApp()[pri:0, instance:com.Ninja.qa.TestPages.TestRegisterPage@359df09a]" started-at="2023-10-12T17:04:10 IST" name="OpenApp" finished-at="2023-10-12T17:04:11 IST" duration-ms="1634" status="PASS">
          <reporter-output>
          </reporter-output>
        </test-method> <!-- OpenApp -->
        <test-method signature="testregisterUser(java.lang.String,java.lang.String,java.lang.String,java.lang.String,java.lang.String,java.lang.String)[pri:49, instance:com.Ninja.qa.TestPages.TestRegisterPage@359df09a]" started-at="2023-10-12T17:04:11 IST" name="testregisterUser" data-provider="testdata" finished-at="2023-10-12T17:04:15 IST" duration-ms="3276" status="PASS">
          <params>
            <param index="0">
              <value>
                <![CDATA[harry]]>
              </value>
            </param>
            <param index="1">
              <value>
                <![CDATA[kane]]>
              </value>
            </param>
            <param index="2">
              <value>
                <![CDATA[harry@gmail.com]]>
              </value>
            </param>
            <param index="3">
              <value>
                <![CDATA[9.399079347E9]]>
              </value>
            </param>
            <param index="4">
              <value>
                <![CDATA[admin124]]>
              </value>
            </param>
            <param index="5">
              <value>
                <![CDATA[admin124]]>
              </value>
            </param>
          </params>
          <reporter-output>
          </reporter-output>
        </test-method> <!-- testregisterUser -->
        <test-method is-config="true" signature="CloseApp()[pri:0, instance:com.Ninja.qa.TestPages.TestRegisterPage@359df09a]" started-at="2023-10-12T17:04:15 IST" name="CloseApp" finished-at="2023-10-12T17:04:15 IST" duration-ms="196" status="PASS">
          <reporter-output>
          </reporter-output>
        </test-method> <!-- CloseApp -->
        <test-method is-config="true" signature="generateTestStatus(java.lang.reflect.Method,org.testng.ITestResult)[pri:0, instance:com.Ninja.qa.TestPages.TestRegisterPage@359df09a]" started-at="2023-10-12T17:04:15 IST" name="generateTestStatus" finished-at="2023-10-12T17:04:15 IST" duration-ms="1" status="PASS">
          <params>
            <param index="0">
              <value>
                <![CDATA[public void com.Ninja.qa.TestPages.TestRegisterPage.testregisterUser(java.lang.String,java.lang.String,java.lang.String,java.lang.String,java.lang.String,java.lang.String) throws java.lang.InterruptedException]]>
              </value>
            </param>
            <param index="1">
              <value>
                <![CDATA[[TestResult name=testregisterUser status=SUCCESS method=TestRegisterPage.testregisterUser(java.lang.String,java.lang.String,java.lang.String,java.lang.String,java.lang.String,java.lang.String)[pri:49, instance:com.Ninja.qa.TestPages.TestRegisterPage@359df09a] output={null}]]]>
              </value>
            </param>
          </params>
          <reporter-output>
          </reporter-output>
        </test-method> <!-- generateTestStatus -->
      </class> <!-- com.Ninja.qa.TestPages.TestRegisterPage -->
      <class name="com.Ninja.qa.TestPages.TestProductPage">
        <test-method is-config="true" signature="OpenApp()[pri:0, instance:com.Ninja.qa.TestPages.TestProductPage@6d60fe40]" started-at="2023-10-12T17:04:18 IST" name="OpenApp" finished-at="2023-10-12T17:04:20 IST" duration-ms="1643" status="PASS">
          <reporter-output>
          </reporter-output>
        </test-method> <!-- OpenApp -->
        <test-method signature="testproduct_addtocart()[pri:0, instance:com.Ninja.qa.TestPages.TestProductPage@6d60fe40]" started-at="2023-10-12T17:04:20 IST" name="testproduct_addtocart" finished-at="2023-10-12T17:04:24 IST" duration-ms="3722" status="PASS">
          <reporter-output>
          </reporter-output>
        </test-method> <!-- testproduct_addtocart -->
        <test-method is-config="true" signature="CloseApp()[pri:0, instance:com.Ninja.qa.TestPages.TestProductPage@6d60fe40]" started-at="2023-10-12T17:04:24 IST" name="CloseApp" finished-at="2023-10-12T17:04:24 IST" duration-ms="196" status="PASS">
          <reporter-output>
          </reporter-output>
        </test-method> <!-- CloseApp -->
        <test-method is-config="true" signature="generateTestStatus(java.lang.reflect.Method,org.testng.ITestResult)[pri:0, instance:com.Ninja.qa.TestPages.TestProductPage@6d60fe40]" started-at="2023-10-12T17:04:24 IST" name="generateTestStatus" finished-at="2023-10-12T17:04:24 IST" duration-ms="0" status="PASS">
          <params>
            <param index="0">
              <value>
                <![CDATA[public void com.Ninja.qa.TestPages.TestProductPage.testproduct_addtocart() throws java.lang.InterruptedException]]>
              </value>
            </param>
            <param index="1">
              <value>
                <![CDATA[[TestResult name=testproduct_addtocart status=SUCCESS method=TestProductPage.testproduct_addtocart()[pri:0, instance:com.Ninja.qa.TestPages.TestProductPage@6d60fe40] output={null}]]]>
              </value>
            </param>
          </params>
          <reporter-output>
          </reporter-output>
        </test-method> <!-- generateTestStatus -->
      </class> <!-- com.Ninja.qa.TestPages.TestProductPage -->
      <class name="com.Ninja.qa.TestPages.TestSearchPage">
        <test-method is-config="true" signature="OpenApp()[pri:0, instance:com.Ninja.qa.TestPages.TestSearchPage@43df23d3]" started-at="2023-10-12T17:04:15 IST" name="OpenApp" finished-at="2023-10-12T17:04:16 IST" duration-ms="1641" status="PASS">
          <reporter-output>
          </reporter-output>
        </test-method> <!-- OpenApp -->
        <test-method signature="searchProduct()[pri:0, instance:com.Ninja.qa.TestPages.TestSearchPage@43df23d3]" started-at="2023-10-12T17:04:16 IST" name="searchProduct" finished-at="2023-10-12T17:04:18 IST" duration-ms="1586" status="PASS">
          <reporter-output>
          </reporter-output>
        </test-method> <!-- searchProduct -->
        <test-method is-config="true" signature="CloseApp()[pri:0, instance:com.Ninja.qa.TestPages.TestSearchPage@43df23d3]" started-at="2023-10-12T17:04:18 IST" name="CloseApp" finished-at="2023-10-12T17:04:18 IST" duration-ms="201" status="PASS">
          <reporter-output>
          </reporter-output>
        </test-method> <!-- CloseApp -->
        <test-method is-config="true" signature="generateTestStatus(java.lang.reflect.Method,org.testng.ITestResult)[pri:0, instance:com.Ninja.qa.TestPages.TestSearchPage@43df23d3]" started-at="2023-10-12T17:04:18 IST" name="generateTestStatus" finished-at="2023-10-12T17:04:18 IST" duration-ms="1" status="PASS">
          <params>
            <param index="0">
              <value>
                <![CDATA[public void com.Ninja.qa.TestPages.TestSearchPage.searchProduct() throws java.lang.InterruptedException]]>
              </value>
            </param>
            <param index="1">
              <value>
                <![CDATA[[TestResult name=searchProduct status=SUCCESS method=TestSearchPage.searchProduct()[pri:0, instance:com.Ninja.qa.TestPages.TestSearchPage@43df23d3] output={null}]]]>
              </value>
            </param>
          </params>
          <reporter-output>
          </reporter-output>
        </test-method> <!-- generateTestStatus -->
      </class> <!-- com.Ninja.qa.TestPages.TestSearchPage -->
    </test> <!-- POMframework -->
  </suite> <!-- test1 -->
</testng-results>
