<?xml version="1.0" encoding="UTF-8"?>
<!-- Generated by org.testng.reporters.JUnitXMLReporter -->
<testsuite ignored="9" hostname="VIJAY" failures="0" tests="9" name="POMframework" time="35.466" errors="0" timestamp="2023-10-12T17:04:24 IST">
  <testcase classname="com.Ninja.qa.TestPages.HomePageTest" name="testTitle" time="0.012"/>
  <testcase classname="com.Ninja.qa.TestPages.HomePageTest" name="testRegisterLink" time="0.289"/>
  <testcase classname="com.Ninja.qa.TestPages.HomePageTest" name="testLoginLink" time="0.221"/>
  <testcase classname="com.Ninja.qa.TestPages.HomePageTest" name="testMacLink" time="2.013"/>
  <testcase classname="com.Ninja.qa.TestPages.TestRegisterPage" name="testregisterUser" time="3.065"/>
  <testcase classname="com.Ninja.qa.TestPages.TestRegisterPage" name="testregisterUser" time="3.061"/>
  <testcase classname="com.Ninja.qa.TestPages.TestRegisterPage" name="testregisterUser" time="3.276"/>
  <testcase classname="com.Ninja.qa.TestPages.TestSearchPage" name="searchProduct" time="1.586"/>
  <testcase classname="com.Ninja.qa.TestPages.TestProductPage" name="testproduct_addtocart" time="3.722"/>
  <testcase classname="com.Ninja.qa.Base.TestBase" name="@BeforeTest getnameMethod" time="0.0">
    <ignored/>
  </testcase> <!-- @BeforeTest getnameMethod -->
  <testcase classname="com.Ninja.qa.Base.TestBase" name="@BeforeSuite InitalizeExtentReport" time="0.0">
    <ignored/>
  </testcase> <!-- @BeforeSuite InitalizeExtentReport -->
  <testcase classname="com.Ninja.qa.Base.TestBase" name="@BeforeSuite InitalizeExtentReport" time="0.0">
    <ignored/>
  </testcase> <!-- @BeforeSuite InitalizeExtentReport -->
  <testcase classname="com.Ninja.qa.Base.TestBase" name="@AfterSuite generateReports" time="0.0">
    <ignored/>
  </testcase> <!-- @AfterSuite generateReports -->
  <testcase classname="com.Ninja.qa.Base.TestBase" name="@BeforeSuite InitalizeExtentReport" time="0.0">
    <ignored/>
  </testcase> <!-- @BeforeSuite InitalizeExtentReport -->
  <testcase classname="com.Ninja.qa.Base.TestBase" name="@BeforeTest getnameMethod" time="0.0">
    <ignored/>
  </testcase> <!-- @BeforeTest getnameMethod -->
  <testcase classname="com.Ninja.qa.Base.TestBase" name="@BeforeTest getnameMethod" time="0.0">
    <ignored/>
  </testcase> <!-- @BeforeTest getnameMethod -->
  <testcase classname="com.Ninja.qa.Base.TestBase" name="@AfterSuite generateReports" time="0.0">
    <ignored/>
  </testcase> <!-- @AfterSuite generateReports -->
  <testcase classname="com.Ninja.qa.Base.TestBase" name="@AfterSuite generateReports" time="0.0">
    <ignored/>
  </testcase> <!-- @AfterSuite generateReports -->
</testsuite> <!-- POMframework -->
